<?xml version="1.0" encoding="UTF-8"?>
<testng-results ignored="0" total="1" passed="1" failed="0" skipped="0">
  <reporter-output>
  </reporter-output>
  <suite started-at="2023-04-28T13:06:29 IST" name="Default suite" finished-at="2023-04-28T13:06:37 IST" duration-ms="8621">
    <groups>
    </groups>
    <test started-at="2023-04-28T13:06:29 IST" name="Default test" finished-at="2023-04-28T13:06:37 IST" duration-ms="8621">
      <class name="com.pagefactory.Pagefactorywithoutanotations">
        <test-method signature="login()[pri:0, instance:com.pagefactory.Pagefactorywithoutanotations@32b260fa]" started-at="2023-04-28T13:06:29 IST" name="login" finished-at="2023-04-28T13:06:37 IST" duration-ms="8584" status="PASS">
          <reporter-output>
          </reporter-output>
        </test-method> <!-- login -->
      </class> <!-- com.pagefactory.Pagefactorywithoutanotations -->
    </test> <!-- Default test -->
  </suite> <!-- Default suite -->
</testng-results>
